<?xml version="1.0" encoding="UTF-8"?>
<testsuite xmlns:xsi="http://www.w3.org/2001/XMLSchema-instance" xsi:noNamespaceSchemaLocation="https://maven.apache.org/surefire/maven-surefire-plugin/xsd/surefire-test-report.xsd" name="com.example.warehousemanagement.MainTest" time="0.036" tests="12" errors="0" skipped="0" failures="0">
  <properties>
    <property name="java.specification.version" value="21"/>
    <property name="sun.jnu.encoding" value="UTF-8"/>
    <property name="java.class.path" value="/Users/Tom/Documents/ITIS3112/Final_Project/maven_1/target/test-classes:/Users/Tom/Documents/ITIS3112/Final_Project/maven_1/target/classes:/Users/Tom/.m2/repository/junit/junit/4.11/junit-4.11.jar:/Users/Tom/.m2/repository/org/hamcrest/hamcrest-core/1.3/hamcrest-core-1.3.jar:"/>
    <property name="java.vm.vendor" value="Eclipse Adoptium"/>
    <property name="sun.arch.data.model" value="64"/>
    <property name="java.vendor.url" value="https://adoptium.net/"/>
    <property name="os.name" value="Mac OS X"/>
    <property name="java.vm.specification.version" value="21"/>
    <property name="sun.java.launcher" value="SUN_STANDARD"/>
    <property name="user.country" value="US"/>
    <property name="sun.boot.library.path" value="/Users/Tom/Library/Application Support/Code/User/globalStorage/pleiades.java-extension-pack-jdk/java/21/lib"/>
    <property name="sun.java.command" value="/Users/Tom/Documents/ITIS3112/Final_Project/maven_1/target/surefire/surefirebooter17059234163105500850.jar /Users/Tom/Documents/ITIS3112/Final_Project/maven_1/target/surefire 2024-08-07T12-55-36_218-jvmRun1 surefire6115268784670135589tmp surefire_06489682057420581111tmp"/>
    <property name="http.nonProxyHosts" value="local|*.local|169.254/16|*.169.254/16"/>
    <property name="jdk.debug" value="release"/>
    <property name="surefire.test.class.path" value="/Users/Tom/Documents/ITIS3112/Final_Project/maven_1/target/test-classes:/Users/Tom/Documents/ITIS3112/Final_Project/maven_1/target/classes:/Users/Tom/.m2/repository/junit/junit/4.11/junit-4.11.jar:/Users/Tom/.m2/repository/org/hamcrest/hamcrest-core/1.3/hamcrest-core-1.3.jar:"/>
    <property name="sun.cpu.endian" value="little"/>
    <property name="user.home" value="/Users/Tom"/>
    <property name="user.language" value="en"/>
    <property name="java.specification.vendor" value="Oracle Corporation"/>
    <property name="java.version.date" value="2024-07-16"/>
    <property name="java.home" value="/Users/Tom/Library/Application Support/Code/User/globalStorage/pleiades.java-extension-pack-jdk/java/21"/>
    <property name="file.separator" value="/"/>
    <property name="basedir" value="/Users/Tom/Documents/ITIS3112/Final_Project/maven_1"/>
    <property name="java.vm.compressedOopsMode" value="Zero based"/>
    <property name="line.separator" value="&#10;"/>
    <property name="java.vm.specification.vendor" value="Oracle Corporation"/>
    <property name="java.specification.name" value="Java Platform API Specification"/>
    <property name="apple.awt.application.name" value="ForkedBooter"/>
    <property name="surefire.real.class.path" value="/Users/Tom/Documents/ITIS3112/Final_Project/maven_1/target/surefire/surefirebooter17059234163105500850.jar"/>
    <property name="sun.management.compiler" value="HotSpot 64-Bit Tiered Compilers"/>
    <property name="ftp.nonProxyHosts" value="local|*.local|169.254/16|*.169.254/16"/>
    <property name="java.runtime.version" value="21.0.4+7-LTS"/>
    <property name="user.name" value="Tom"/>
    <property name="stdout.encoding" value="UTF-8"/>
    <property name="path.separator" value=":"/>
    <property name="os.version" value="10.13.6"/>
    <property name="java.runtime.name" value="OpenJDK Runtime Environment"/>
    <property name="file.encoding" value="UTF-8"/>
    <property name="java.vm.name" value="OpenJDK 64-Bit Server VM"/>
    <property name="java.vendor.version" value="Temurin-21.0.4+7"/>
    <property name="localRepository" value="/Users/Tom/.m2/repository"/>
    <property name="java.vendor.url.bug" value="https://github.com/adoptium/adoptium-support/issues"/>
    <property name="java.io.tmpdir" value="/var/folders/qx/1xnty4j963jgz_nv8my9vml80000gn/T/"/>
    <property name="java.version" value="21.0.4"/>
    <property name="user.dir" value="/Users/Tom/Documents/ITIS3112/Final_Project/maven_1"/>
    <property name="os.arch" value="x86_64"/>
    <property name="java.vm.specification.name" value="Java Virtual Machine Specification"/>
    <property name="native.encoding" value="UTF-8"/>
    <property name="java.library.path" value="/Users/Tom/Library/Java/Extensions:/Library/Java/Extensions:/Network/Library/Java/Extensions:/System/Library/Java/Extensions:/usr/lib/java:."/>
    <property name="java.vm.info" value="mixed mode"/>
    <property name="stderr.encoding" value="UTF-8"/>
    <property name="java.vendor" value="Eclipse Adoptium"/>
    <property name="java.vm.version" value="21.0.4+7-LTS"/>
    <property name="sun.io.unicode.encoding" value="UnicodeBig"/>
    <property name="socksNonProxyHosts" value="local|*.local|169.254/16|*.169.254/16"/>
    <property name="java.class.version" value="65.0"/>
  </properties>
  <testcase name="testAddWarehouseLocation" classname="com.example.warehousemanagement.MainTest" time="0.003"/>
  <testcase name="testDeleteOrder" classname="com.example.warehousemanagement.MainTest" time="0"/>
  <testcase name="testAddItem" classname="com.example.warehousemanagement.MainTest" time="0"/>
  <testcase name="testUpdateOrder" classname="com.example.warehousemanagement.MainTest" time="0.001"/>
  <testcase name="testAddCustomer" classname="com.example.warehousemanagement.MainTest" time="0"/>
  <testcase name="testUpdateItem" classname="com.example.warehousemanagement.MainTest" time="0.001"/>
  <testcase name="testAddOrder" classname="com.example.warehousemanagement.MainTest" time="0"/>
  <testcase name="testUpdateCustomer" classname="com.example.warehousemanagement.MainTest" time="0.001"/>
  <testcase name="testUpdateWarehouseLocation" classname="com.example.warehousemanagement.MainTest" time="0"/>
  <testcase name="testDeleteItem" classname="com.example.warehousemanagement.MainTest" time="0.002"/>
  <testcase name="testDeleteCustomer" classname="com.example.warehousemanagement.MainTest" time="0.001"/>
  <testcase name="testDeleteWarehouseLocation" classname="com.example.warehousemanagement.MainTest" time="0.001"/>
</testsuite>